WARNING - 2024-05-22 04:37:47 --> [DEPRECATED] Creation of dynamic property App\Controllers\Home::$db is deprecated in APPPATH\Controllers\Home.php on line 12.
 1 SYSTEMPATH\CodeIgniter.php(903): App\Controllers\Home->__construct()
 2 SYSTEMPATH\CodeIgniter.php(500): CodeIgniter\CodeIgniter->createController()
 3 SYSTEMPATH\CodeIgniter.php(355): CodeIgniter\CodeIgniter->handleRequest(null, Object(Config\Cache), false)
 4 SYSTEMPATH\Boot.php(312): CodeIgniter\CodeIgniter->run()
 5 SYSTEMPATH\Boot.php(67): CodeIgniter\Boot::runCodeIgniter(Object(CodeIgniter\CodeIgniter))
 6 FCPATH\index.php(66): CodeIgniter\Boot::bootWeb(Object(Config\Paths))
 7 SYSTEMPATH\Commands\Server\rewrite.php(49): require_once('C:\\xampp\\htdocs\\josesy\\server\\public\\index.php')
ERROR - 2024-05-22 05:28:06 --> mysqli_sql_exception: Unknown column 'image' in 'field list' in C:\xampp\htdocs\josesy\server\system\Database\MySQLi\Connection.php:308
Stack trace:
#0 C:\xampp\htdocs\josesy\server\system\Database\MySQLi\Connection.php(308): mysqli->query('INSERT INTO `ne...', 0)
#1 C:\xampp\htdocs\josesy\server\system\Database\BaseConnection.php(722): CodeIgniter\Database\MySQLi\Connection->execute('INSERT INTO `ne...')
#2 C:\xampp\htdocs\josesy\server\system\Database\BaseConnection.php(636): CodeIgniter\Database\BaseConnection->simpleQuery('INSERT INTO `ne...')
#3 C:\xampp\htdocs\josesy\server\system\Database\BaseBuilder.php(2325): CodeIgniter\Database\BaseConnection->query('INSERT INTO `ne...', Array, false)
#4 C:\xampp\htdocs\josesy\server\system\Model.php(383): CodeIgniter\Database\BaseBuilder->insert()
#5 C:\xampp\htdocs\josesy\server\system\BaseModel.php(840): CodeIgniter\Model->doInsert(Array)
#6 C:\xampp\htdocs\josesy\server\system\Model.php(791): CodeIgniter\BaseModel->insert(Array, true)
#7 C:\xampp\htdocs\josesy\server\app\Controllers\NewsController.php(50): CodeIgniter\Model->insert(Array)
#8 C:\xampp\htdocs\josesy\server\system\CodeIgniter.php(933): App\Controllers\NewsController->postNews()
#9 C:\xampp\htdocs\josesy\server\system\CodeIgniter.php(509): CodeIgniter\CodeIgniter->runController(Object(App\Controllers\NewsController))
#10 C:\xampp\htdocs\josesy\server\system\CodeIgniter.php(355): CodeIgniter\CodeIgniter->handleRequest(NULL, Object(Config\Cache), false)
#11 C:\xampp\htdocs\josesy\server\system\Boot.php(312): CodeIgniter\CodeIgniter->run()
#12 C:\xampp\htdocs\josesy\server\system\Boot.php(67): CodeIgniter\Boot::runCodeIgniter(Object(CodeIgniter\CodeIgniter))
#13 C:\xampp\htdocs\josesy\server\public\index.php(66): CodeIgniter\Boot::bootWeb(Object(Config\Paths))
#14 C:\xampp\htdocs\josesy\server\system\Commands\Server\rewrite.php(49): require_once('C:\\xampp\\htdocs...')
#15 {main}
CRITICAL - 2024-05-22 05:28:06 --> CodeIgniter\Database\Exceptions\DatabaseException: Unknown column 'image' in 'field list'
[Method: POST, Route: dashboard/news/post-news]
in SYSTEMPATH\Database\BaseConnection.php on line 676.
 1 SYSTEMPATH\Database\BaseBuilder.php(2325): CodeIgniter\Database\BaseConnection->query('INSERT INTO `news` (`title`, `content`, `image`) VALUES (:title:, :content:, :image:)', [...], false)
 2 SYSTEMPATH\Model.php(383): CodeIgniter\Database\BaseBuilder->insert()
 3 SYSTEMPATH\BaseModel.php(840): CodeIgniter\Model->doInsert([...])
 4 SYSTEMPATH\Model.php(791): CodeIgniter\BaseModel->insert([...], true)
 5 APPPATH\Controllers\NewsController.php(50): CodeIgniter\Model->insert([...])
 6 SYSTEMPATH\CodeIgniter.php(933): App\Controllers\NewsController->postNews()
 7 SYSTEMPATH\CodeIgniter.php(509): CodeIgniter\CodeIgniter->runController(Object(App\Controllers\NewsController))
 8 SYSTEMPATH\CodeIgniter.php(355): CodeIgniter\CodeIgniter->handleRequest(null, Object(Config\Cache), false)
 9 SYSTEMPATH\Boot.php(312): CodeIgniter\CodeIgniter->run()
10 SYSTEMPATH\Boot.php(67): CodeIgniter\Boot::runCodeIgniter(Object(CodeIgniter\CodeIgniter))
11 FCPATH\index.php(66): CodeIgniter\Boot::bootWeb(Object(Config\Paths))
12 SYSTEMPATH\Commands\Server\rewrite.php(49): require_once('C:\\xampp\\htdocs\\josesy\\server\\public\\index.php')
CRITICAL - 2024-05-22 05:28:06 --> [Caused by] CodeIgniter\Database\Exceptions\DatabaseException: Unknown column 'image' in 'field list'
in SYSTEMPATH\Database\MySQLi\Connection.php on line 313.
 1 SYSTEMPATH\Database\BaseConnection.php(722): CodeIgniter\Database\MySQLi\Connection->execute('INSERT INTO `news` (`title`, `content`, `image`) VALUES (\'In obcaecati id pers\', \'Fugit non consequat Fugit non consequat Fugit non consequat Fugit non consequat Fugit non consequat Fugit non consequat Fugit non consequat Fugit non consequat Fugit non consequat Fugit non consequat Fugit non consequat Fugit non consequat Fugit non consequat Fugit non consequat Fugit non consequat Fugit non consequat Fugit non consequat Fugit non consequat Fugit non consequat Fugit non consequat Fugit non consequat Fugit non consequat Fugit non consequat Fugit non consequat Fugit non consequat \', \'1716355686_fd8839ffd8b778e4cd02.jpg\')')
 2 SYSTEMPATH\Database\BaseConnection.php(636): CodeIgniter\Database\BaseConnection->simpleQuery('INSERT INTO `news` (`title`, `content`, `image`) VALUES (\'In obcaecati id pers\', \'Fugit non consequat Fugit non consequat Fugit non consequat Fugit non consequat Fugit non consequat Fugit non consequat Fugit non consequat Fugit non consequat Fugit non consequat Fugit non consequat Fugit non consequat Fugit non consequat Fugit non consequat Fugit non consequat Fugit non consequat Fugit non consequat Fugit non consequat Fugit non consequat Fugit non consequat Fugit non consequat Fugit non consequat Fugit non consequat Fugit non consequat Fugit non consequat Fugit non consequat \', \'1716355686_fd8839ffd8b778e4cd02.jpg\')')
 3 SYSTEMPATH\Database\BaseBuilder.php(2325): CodeIgniter\Database\BaseConnection->query('INSERT INTO `news` (`title`, `content`, `image`) VALUES (:title:, :content:, :image:)', [...], false)
 4 SYSTEMPATH\Model.php(383): CodeIgniter\Database\BaseBuilder->insert()
 5 SYSTEMPATH\BaseModel.php(840): CodeIgniter\Model->doInsert([...])
 6 SYSTEMPATH\Model.php(791): CodeIgniter\BaseModel->insert([...], true)
 7 APPPATH\Controllers\NewsController.php(50): CodeIgniter\Model->insert([...])
 8 SYSTEMPATH\CodeIgniter.php(933): App\Controllers\NewsController->postNews()
 9 SYSTEMPATH\CodeIgniter.php(509): CodeIgniter\CodeIgniter->runController(Object(App\Controllers\NewsController))
10 SYSTEMPATH\CodeIgniter.php(355): CodeIgniter\CodeIgniter->handleRequest(null, Object(Config\Cache), false)
11 SYSTEMPATH\Boot.php(312): CodeIgniter\CodeIgniter->run()
12 SYSTEMPATH\Boot.php(67): CodeIgniter\Boot::runCodeIgniter(Object(CodeIgniter\CodeIgniter))
13 FCPATH\index.php(66): CodeIgniter\Boot::bootWeb(Object(Config\Paths))
14 SYSTEMPATH\Commands\Server\rewrite.php(49): require_once('C:\\xampp\\htdocs\\josesy\\server\\public\\index.php')
CRITICAL - 2024-05-22 05:28:06 --> [Caused by] mysqli_sql_exception: Unknown column 'image' in 'field list'
in SYSTEMPATH\Database\MySQLi\Connection.php on line 308.
 1 SYSTEMPATH\Database\MySQLi\Connection.php(308): mysqli->query('INSERT INTO `news` (`title`, `content`, `image`) VALUES (\'In obcaecati id pers\', \'Fugit non consequat Fugit non consequat Fugit non consequat Fugit non consequat Fugit non consequat Fugit non consequat Fugit non consequat Fugit non consequat Fugit non consequat Fugit non consequat Fugit non consequat Fugit non consequat Fugit non consequat Fugit non consequat Fugit non consequat Fugit non consequat Fugit non consequat Fugit non consequat Fugit non consequat Fugit non consequat Fugit non consequat Fugit non consequat Fugit non consequat Fugit non consequat Fugit non consequat \', \'1716355686_fd8839ffd8b778e4cd02.jpg\')', 0)
 2 SYSTEMPATH\Database\BaseConnection.php(722): CodeIgniter\Database\MySQLi\Connection->execute('INSERT INTO `news` (`title`, `content`, `image`) VALUES (\'In obcaecati id pers\', \'Fugit non consequat Fugit non consequat Fugit non consequat Fugit non consequat Fugit non consequat Fugit non consequat Fugit non consequat Fugit non consequat Fugit non consequat Fugit non consequat Fugit non consequat Fugit non consequat Fugit non consequat Fugit non consequat Fugit non consequat Fugit non consequat Fugit non consequat Fugit non consequat Fugit non consequat Fugit non consequat Fugit non consequat Fugit non consequat Fugit non consequat Fugit non consequat Fugit non consequat \', \'1716355686_fd8839ffd8b778e4cd02.jpg\')')
 3 SYSTEMPATH\Database\BaseConnection.php(636): CodeIgniter\Database\BaseConnection->simpleQuery('INSERT INTO `news` (`title`, `content`, `image`) VALUES (\'In obcaecati id pers\', \'Fugit non consequat Fugit non consequat Fugit non consequat Fugit non consequat Fugit non consequat Fugit non consequat Fugit non consequat Fugit non consequat Fugit non consequat Fugit non consequat Fugit non consequat Fugit non consequat Fugit non consequat Fugit non consequat Fugit non consequat Fugit non consequat Fugit non consequat Fugit non consequat Fugit non consequat Fugit non consequat Fugit non consequat Fugit non consequat Fugit non consequat Fugit non consequat Fugit non consequat \', \'1716355686_fd8839ffd8b778e4cd02.jpg\')')
 4 SYSTEMPATH\Database\BaseBuilder.php(2325): CodeIgniter\Database\BaseConnection->query('INSERT INTO `news` (`title`, `content`, `image`) VALUES (:title:, :content:, :image:)', [...], false)
 5 SYSTEMPATH\Model.php(383): CodeIgniter\Database\BaseBuilder->insert()
 6 SYSTEMPATH\BaseModel.php(840): CodeIgniter\Model->doInsert([...])
 7 SYSTEMPATH\Model.php(791): CodeIgniter\BaseModel->insert([...], true)
 8 APPPATH\Controllers\NewsController.php(50): CodeIgniter\Model->insert([...])
 9 SYSTEMPATH\CodeIgniter.php(933): App\Controllers\NewsController->postNews()
10 SYSTEMPATH\CodeIgniter.php(509): CodeIgniter\CodeIgniter->runController(Object(App\Controllers\NewsController))
11 SYSTEMPATH\CodeIgniter.php(355): CodeIgniter\CodeIgniter->handleRequest(null, Object(Config\Cache), false)
12 SYSTEMPATH\Boot.php(312): CodeIgniter\CodeIgniter->run()
13 SYSTEMPATH\Boot.php(67): CodeIgniter\Boot::runCodeIgniter(Object(CodeIgniter\CodeIgniter))
14 FCPATH\index.php(66): CodeIgniter\Boot::bootWeb(Object(Config\Paths))
15 SYSTEMPATH\Commands\Server\rewrite.php(49): require_once('C:\\xampp\\htdocs\\josesy\\server\\public\\index.php')
ERROR - 2024-05-22 05:30:10 --> mysqli_sql_exception: Unknown column 'image' in 'field list' in C:\xampp\htdocs\josesy\server\system\Database\MySQLi\Connection.php:308
Stack trace:
#0 C:\xampp\htdocs\josesy\server\system\Database\MySQLi\Connection.php(308): mysqli->query('INSERT INTO `ne...', 0)
#1 C:\xampp\htdocs\josesy\server\system\Database\BaseConnection.php(722): CodeIgniter\Database\MySQLi\Connection->execute('INSERT INTO `ne...')
#2 C:\xampp\htdocs\josesy\server\system\Database\BaseConnection.php(636): CodeIgniter\Database\BaseConnection->simpleQuery('INSERT INTO `ne...')
#3 C:\xampp\htdocs\josesy\server\system\Database\BaseBuilder.php(2325): CodeIgniter\Database\BaseConnection->query('INSERT INTO `ne...', Array, false)
#4 C:\xampp\htdocs\josesy\server\system\Model.php(383): CodeIgniter\Database\BaseBuilder->insert()
#5 C:\xampp\htdocs\josesy\server\system\BaseModel.php(840): CodeIgniter\Model->doInsert(Array)
#6 C:\xampp\htdocs\josesy\server\system\Model.php(791): CodeIgniter\BaseModel->insert(Array, true)
#7 C:\xampp\htdocs\josesy\server\app\Controllers\NewsController.php(50): CodeIgniter\Model->insert(Array)
#8 C:\xampp\htdocs\josesy\server\system\CodeIgniter.php(933): App\Controllers\NewsController->postNews()
#9 C:\xampp\htdocs\josesy\server\system\CodeIgniter.php(509): CodeIgniter\CodeIgniter->runController(Object(App\Controllers\NewsController))
#10 C:\xampp\htdocs\josesy\server\system\CodeIgniter.php(355): CodeIgniter\CodeIgniter->handleRequest(NULL, Object(Config\Cache), false)
#11 C:\xampp\htdocs\josesy\server\system\Boot.php(312): CodeIgniter\CodeIgniter->run()
#12 C:\xampp\htdocs\josesy\server\system\Boot.php(67): CodeIgniter\Boot::runCodeIgniter(Object(CodeIgniter\CodeIgniter))
#13 C:\xampp\htdocs\josesy\server\public\index.php(66): CodeIgniter\Boot::bootWeb(Object(Config\Paths))
#14 C:\xampp\htdocs\josesy\server\system\Commands\Server\rewrite.php(49): require_once('C:\\xampp\\htdocs...')
#15 {main}
CRITICAL - 2024-05-22 05:30:10 --> CodeIgniter\Database\Exceptions\DatabaseException: Unknown column 'image' in 'field list'
[Method: POST, Route: dashboard/news/post-news]
in SYSTEMPATH\Database\BaseConnection.php on line 676.
 1 SYSTEMPATH\Database\BaseBuilder.php(2325): CodeIgniter\Database\BaseConnection->query('INSERT INTO `news` (`title`, `content`, `image`) VALUES (:title:, :content:, :image:)', [...], false)
 2 SYSTEMPATH\Model.php(383): CodeIgniter\Database\BaseBuilder->insert()
 3 SYSTEMPATH\BaseModel.php(840): CodeIgniter\Model->doInsert([...])
 4 SYSTEMPATH\Model.php(791): CodeIgniter\BaseModel->insert([...], true)
 5 APPPATH\Controllers\NewsController.php(50): CodeIgniter\Model->insert([...])
 6 SYSTEMPATH\CodeIgniter.php(933): App\Controllers\NewsController->postNews()
 7 SYSTEMPATH\CodeIgniter.php(509): CodeIgniter\CodeIgniter->runController(Object(App\Controllers\NewsController))
 8 SYSTEMPATH\CodeIgniter.php(355): CodeIgniter\CodeIgniter->handleRequest(null, Object(Config\Cache), false)
 9 SYSTEMPATH\Boot.php(312): CodeIgniter\CodeIgniter->run()
10 SYSTEMPATH\Boot.php(67): CodeIgniter\Boot::runCodeIgniter(Object(CodeIgniter\CodeIgniter))
11 FCPATH\index.php(66): CodeIgniter\Boot::bootWeb(Object(Config\Paths))
12 SYSTEMPATH\Commands\Server\rewrite.php(49): require_once('C:\\xampp\\htdocs\\josesy\\server\\public\\index.php')
CRITICAL - 2024-05-22 05:30:10 --> [Caused by] CodeIgniter\Database\Exceptions\DatabaseException: Unknown column 'image' in 'field list'
in SYSTEMPATH\Database\MySQLi\Connection.php on line 313.
 1 SYSTEMPATH\Database\BaseConnection.php(722): CodeIgniter\Database\MySQLi\Connection->execute('INSERT INTO `news` (`title`, `content`, `image`) VALUES (\'In obcaecati id pers\', \'Fugit non consequat Fugit non consequat Fugit non consequat Fugit non consequat Fugit non consequat Fugit non consequat Fugit non consequat Fugit non consequat Fugit non consequat Fugit non consequat Fugit non consequat Fugit non consequat Fugit non consequat Fugit non consequat Fugit non consequat Fugit non consequat Fugit non consequat Fugit non consequat Fugit non consequat Fugit non consequat Fugit non consequat Fugit non consequat Fugit non consequat Fugit non consequat Fugit non consequat \', \'1716355810_bedbda50efe0437ea19d.jpg\')')
 2 SYSTEMPATH\Database\BaseConnection.php(636): CodeIgniter\Database\BaseConnection->simpleQuery('INSERT INTO `news` (`title`, `content`, `image`) VALUES (\'In obcaecati id pers\', \'Fugit non consequat Fugit non consequat Fugit non consequat Fugit non consequat Fugit non consequat Fugit non consequat Fugit non consequat Fugit non consequat Fugit non consequat Fugit non consequat Fugit non consequat Fugit non consequat Fugit non consequat Fugit non consequat Fugit non consequat Fugit non consequat Fugit non consequat Fugit non consequat Fugit non consequat Fugit non consequat Fugit non consequat Fugit non consequat Fugit non consequat Fugit non consequat Fugit non consequat \', \'1716355810_bedbda50efe0437ea19d.jpg\')')
 3 SYSTEMPATH\Database\BaseBuilder.php(2325): CodeIgniter\Database\BaseConnection->query('INSERT INTO `news` (`title`, `content`, `image`) VALUES (:title:, :content:, :image:)', [...], false)
 4 SYSTEMPATH\Model.php(383): CodeIgniter\Database\BaseBuilder->insert()
 5 SYSTEMPATH\BaseModel.php(840): CodeIgniter\Model->doInsert([...])
 6 SYSTEMPATH\Model.php(791): CodeIgniter\BaseModel->insert([...], true)
 7 APPPATH\Controllers\NewsController.php(50): CodeIgniter\Model->insert([...])
 8 SYSTEMPATH\CodeIgniter.php(933): App\Controllers\NewsController->postNews()
 9 SYSTEMPATH\CodeIgniter.php(509): CodeIgniter\CodeIgniter->runController(Object(App\Controllers\NewsController))
10 SYSTEMPATH\CodeIgniter.php(355): CodeIgniter\CodeIgniter->handleRequest(null, Object(Config\Cache), false)
11 SYSTEMPATH\Boot.php(312): CodeIgniter\CodeIgniter->run()
12 SYSTEMPATH\Boot.php(67): CodeIgniter\Boot::runCodeIgniter(Object(CodeIgniter\CodeIgniter))
13 FCPATH\index.php(66): CodeIgniter\Boot::bootWeb(Object(Config\Paths))
14 SYSTEMPATH\Commands\Server\rewrite.php(49): require_once('C:\\xampp\\htdocs\\josesy\\server\\public\\index.php')
CRITICAL - 2024-05-22 05:30:10 --> [Caused by] mysqli_sql_exception: Unknown column 'image' in 'field list'
in SYSTEMPATH\Database\MySQLi\Connection.php on line 308.
 1 SYSTEMPATH\Database\MySQLi\Connection.php(308): mysqli->query('INSERT INTO `news` (`title`, `content`, `image`) VALUES (\'In obcaecati id pers\', \'Fugit non consequat Fugit non consequat Fugit non consequat Fugit non consequat Fugit non consequat Fugit non consequat Fugit non consequat Fugit non consequat Fugit non consequat Fugit non consequat Fugit non consequat Fugit non consequat Fugit non consequat Fugit non consequat Fugit non consequat Fugit non consequat Fugit non consequat Fugit non consequat Fugit non consequat Fugit non consequat Fugit non consequat Fugit non consequat Fugit non consequat Fugit non consequat Fugit non consequat \', \'1716355810_bedbda50efe0437ea19d.jpg\')', 0)
 2 SYSTEMPATH\Database\BaseConnection.php(722): CodeIgniter\Database\MySQLi\Connection->execute('INSERT INTO `news` (`title`, `content`, `image`) VALUES (\'In obcaecati id pers\', \'Fugit non consequat Fugit non consequat Fugit non consequat Fugit non consequat Fugit non consequat Fugit non consequat Fugit non consequat Fugit non consequat Fugit non consequat Fugit non consequat Fugit non consequat Fugit non consequat Fugit non consequat Fugit non consequat Fugit non consequat Fugit non consequat Fugit non consequat Fugit non consequat Fugit non consequat Fugit non consequat Fugit non consequat Fugit non consequat Fugit non consequat Fugit non consequat Fugit non consequat \', \'1716355810_bedbda50efe0437ea19d.jpg\')')
 3 SYSTEMPATH\Database\BaseConnection.php(636): CodeIgniter\Database\BaseConnection->simpleQuery('INSERT INTO `news` (`title`, `content`, `image`) VALUES (\'In obcaecati id pers\', \'Fugit non consequat Fugit non consequat Fugit non consequat Fugit non consequat Fugit non consequat Fugit non consequat Fugit non consequat Fugit non consequat Fugit non consequat Fugit non consequat Fugit non consequat Fugit non consequat Fugit non consequat Fugit non consequat Fugit non consequat Fugit non consequat Fugit non consequat Fugit non consequat Fugit non consequat Fugit non consequat Fugit non consequat Fugit non consequat Fugit non consequat Fugit non consequat Fugit non consequat \', \'1716355810_bedbda50efe0437ea19d.jpg\')')
 4 SYSTEMPATH\Database\BaseBuilder.php(2325): CodeIgniter\Database\BaseConnection->query('INSERT INTO `news` (`title`, `content`, `image`) VALUES (:title:, :content:, :image:)', [...], false)
 5 SYSTEMPATH\Model.php(383): CodeIgniter\Database\BaseBuilder->insert()
 6 SYSTEMPATH\BaseModel.php(840): CodeIgniter\Model->doInsert([...])
 7 SYSTEMPATH\Model.php(791): CodeIgniter\BaseModel->insert([...], true)
 8 APPPATH\Controllers\NewsController.php(50): CodeIgniter\Model->insert([...])
 9 SYSTEMPATH\CodeIgniter.php(933): App\Controllers\NewsController->postNews()
10 SYSTEMPATH\CodeIgniter.php(509): CodeIgniter\CodeIgniter->runController(Object(App\Controllers\NewsController))
11 SYSTEMPATH\CodeIgniter.php(355): CodeIgniter\CodeIgniter->handleRequest(null, Object(Config\Cache), false)
12 SYSTEMPATH\Boot.php(312): CodeIgniter\CodeIgniter->run()
13 SYSTEMPATH\Boot.php(67): CodeIgniter\Boot::runCodeIgniter(Object(CodeIgniter\CodeIgniter))
14 FCPATH\index.php(66): CodeIgniter\Boot::bootWeb(Object(Config\Paths))
15 SYSTEMPATH\Commands\Server\rewrite.php(49): require_once('C:\\xampp\\htdocs\\josesy\\server\\public\\index.php')
INFO - 2024-05-22 05:32:48 --> Session: Class initialized using 'CodeIgniter\Session\Handlers\FileHandler' driver.
INFO - 2024-05-22 05:55:29 --> Session: Class initialized using 'CodeIgniter\Session\Handlers\FileHandler' driver.
INFO - 2024-05-22 05:57:21 --> Session: Class initialized using 'CodeIgniter\Session\Handlers\FileHandler' driver.
INFO - 2024-05-22 06:44:16 --> Session: Class initialized using 'CodeIgniter\Session\Handlers\FileHandler' driver.
